<?xml version="1.0" encoding="UTF-8"?>
<!-- Generated by org.testng.reporters.JUnitXMLReporter -->
<testsuite hostname="idea-PC" ignored="0" name="Test" tests="7" failures="0" timestamp="22 Apr 2020 07:43:39 GMT" time="123.482" errors="0">
  <testcase name="LoginCheckTest" time="5.912" classname="com.mfi.qa.testCases.TC_LoginPage_002"/>
  <testcase name="homePageTitleTest" time="0.018" classname="com.mfi.qa.testCases.TC_HomePage_001"/>
  <testcase name="LoginCheckTest" time="0.0" classname="com.mfi.qa.testCases.TC_LoginPage_002">
    <skipped/>
  </testcase> <!-- LoginCheckTest -->
  <testcase name="loginPresent" time="0.092" classname="com.mfi.qa.testCases.TC_HomePage_001"/>
  <testcase name="logoPresent" time="0.133" classname="com.mfi.qa.testCases.TC_HomePage_001"/>
  <testcase name="demoPresent" time="0.091" classname="com.mfi.qa.testCases.TC_HomePage_001"/>
  <testcase name="clickLogin" time="0.463" classname="com.mfi.qa.testCases.TC_HomePage_001"/>
</testsuite> <!-- Test -->
