<?xml version="1.0" encoding="UTF-8"?>
<!-- Generated by org.testng.reporters.JUnitXMLReporter -->
<testsuite hostname="idea-PC" ignored="0" name="Microfocus integration Test" tests="3" failures="1" timestamp="03 May 2020 10:02:23 GMT" time="91.825" errors="0">
  <testcase name="homePageTitleTest" time="0.046" classname="com.mfi.qa.testCases.TC_HomePage_001">
    <failure type="java.lang.AssertionError" message="expected [TRAVELS booking script and system for hotels airline flights tours cars online application - PHPTRAVELS] but found [PHPTRAVELS booking script and system for hotels airline flights tours cars online application - PHPTRAVELS]">
      <![CDATA[java.lang.AssertionError: expected [TRAVELS booking script and system for hotels airline flights tours cars online application - PHPTRAVELS] but found [PHPTRAVELS booking script and system for hotels airline flights tours cars online application - PHPTRAVELS]
at com.mfi.qa.testCases.TC_HomePage_001.homePageTitleTest(TC_HomePage_001.java:45)
... Removed 31 stack frames]]>
    </failure>
  </testcase> <!-- homePageTitleTest -->
  <testcase name="LoginCheckTest" time="8.686" classname="com.mfi.qa.testCases.TC_LoginPage_002"/>
  <testcase name="loginPresent" time="0.122" classname="com.mfi.qa.testCases.TC_HomePage_001"/>
</testsuite> <!-- Microfocus integration Test -->
